..\..\bin\sciter.ilk
..\..\bin\sciter.pdb
F:\HSMILE5\SDK\BIN\SCITER.EXE
F:\HSMILE5\SDK\BIN\SCITER.ILK
F:\HSMILE5\SDK\BIN\SCITER.PDB
F:\hsmile5\sdk\demos\sciter\..\..\bin\sciter.exe
F:\HSMILE5\SDK\DEMOS\SCITER\DEBUG\BEHAVIOR_CAMERA_CAPTURE.OBJ
F:\HSMILE5\SDK\DEMOS\SCITER\DEBUG\BEHAVIOR_TABS.OBJ
F:\HSMILE5\SDK\DEMOS\SCITER\DEBUG\BEHAVIOR_VIDEO_GENERATOR.OBJ
F:\hsmile5\sdk\demos\sciter\Debug\cl.command.1.tlog
F:\hsmile5\sdk\demos\sciter\Debug\CL.read.1.tlog
F:\hsmile5\sdk\demos\sciter\Debug\CL.write.1.tlog
F:\hsmile5\sdk\demos\sciter\Debug\link.command.1.tlog
F:\hsmile5\sdk\demos\sciter\Debug\link.read.1.tlog
F:\hsmile5\sdk\demos\sciter\Debug\link.write.1.tlog
F:\hsmile5\sdk\demos\sciter\Debug\link-cvtres.read.1.tlog
F:\hsmile5\sdk\demos\sciter\Debug\link-cvtres.write.1.tlog
F:\HSMILE5\SDK\DEMOS\SCITER\DEBUG\MAIN.OBJ
F:\hsmile5\sdk\demos\sciter\Debug\mt.command.1.tlog
F:\hsmile5\sdk\demos\sciter\Debug\mt.read.1.tlog
F:\hsmile5\sdk\demos\sciter\Debug\mt.write.1.tlog
F:\hsmile5\sdk\demos\sciter\Debug\rc.command.1.tlog
F:\hsmile5\sdk\demos\sciter\Debug\rc.read.1.tlog
F:\hsmile5\sdk\demos\sciter\Debug\rc.write.1.tlog
F:\HSMILE5\SDK\DEMOS\SCITER\DEBUG\SCITER.EXE.EMBED.MANIFEST
F:\HSMILE5\SDK\DEMOS\SCITER\DEBUG\SCITER.EXE.EMBED.MANIFEST.RES
F:\HSMILE5\SDK\DEMOS\SCITER\DEBUG\SCITER.EXE.INTERMEDIATE.MANIFEST
F:\HSMILE5\SDK\DEMOS\SCITER\DEBUG\SCITER.OBJ
F:\HSMILE5\SDK\DEMOS\SCITER\DEBUG\SCITER.PCH
F:\HSMILE5\SDK\DEMOS\SCITER\DEBUG\SCITER.RES
F:\hsmile5\sdk\demos\sciter\Debug\sciter.write.1.tlog
F:\hsmile5\sdk\demos\sciter\Debug\sciter_manifest.rc
F:\HSMILE5\SDK\DEMOS\SCITER\DEBUG\STDAFX.OBJ
F:\hsmile5\sdk\demos\sciter\Debug\vc100.idb
F:\HSMILE5\SDK\DEMOS\SCITER\DEBUG\VC100.PDB
