..\..\..\bin\ulayered.ilk
..\..\..\bin\ulayered.pdb
F:\HSMILE5\SDK\BIN\ULAYERED.EXE
F:\HSMILE5\SDK\BIN\ULAYERED.PDB
F:\hsmile5\sdk\demos\ulayered\builds\..\..\..\bin\ulayered.exe
F:\hsmile5\sdk\demos\ulayered\builds\Release\cl.command.1.tlog
F:\hsmile5\sdk\demos\ulayered\builds\Release\CL.read.1.tlog
F:\hsmile5\sdk\demos\ulayered\builds\Release\CL.write.1.tlog
F:\hsmile5\sdk\demos\ulayered\builds\Release\link.command.1.tlog
F:\hsmile5\sdk\demos\ulayered\builds\Release\link.read.1.tlog
F:\hsmile5\sdk\demos\ulayered\builds\Release\link.write.1.tlog
F:\hsmile5\sdk\demos\ulayered\builds\Release\mt.command.1.tlog
F:\hsmile5\sdk\demos\ulayered\builds\Release\mt.read.1.tlog
F:\hsmile5\sdk\demos\ulayered\builds\Release\mt.write.1.tlog
F:\HSMILE5\SDK\DEMOS\ULAYERED\BUILDS\RELEASE\SCITER-WIN-MAIN.OBJ
F:\HSMILE5\SDK\DEMOS\ULAYERED\BUILDS\RELEASE\ULAYERED.EXE.INTERMEDIATE.MANIFEST
F:\HSMILE5\SDK\DEMOS\ULAYERED\BUILDS\RELEASE\ULAYERED.OBJ
F:\hsmile5\sdk\demos\ulayered\builds\Release\ulayered.vcxprojResolveAssemblyReference.cache
F:\hsmile5\sdk\demos\ulayered\builds\Release\ulayered.write.1.tlog
F:\HSMILE5\SDK\DEMOS\ULAYERED\BUILDS\RELEASE\VC100.PDB
