..\..\bin\inspector.ilk
..\..\bin\inspector.pdb
F:\HSMILE5\SDK\BIN\INSPECTOR.EXE
F:\HSMILE5\SDK\BIN\INSPECTOR.ILK
F:\HSMILE5\SDK\BIN\INSPECTOR.PDB
F:\hsmile5\sdk\demos\inspector.new\..\..\bin\inspector.exe
F:\hsmile5\sdk\demos\inspector.new\Debug\cl.command.1.tlog
F:\hsmile5\sdk\demos\inspector.new\Debug\CL.read.1.tlog
F:\hsmile5\sdk\demos\inspector.new\Debug\CL.write.1.tlog
F:\HSMILE5\SDK\DEMOS\INSPECTOR.NEW\DEBUG\INSPECTOR.EXE.EMBED.MANIFEST
F:\HSMILE5\SDK\DEMOS\INSPECTOR.NEW\DEBUG\INSPECTOR.EXE.EMBED.MANIFEST.RES
F:\HSMILE5\SDK\DEMOS\INSPECTOR.NEW\DEBUG\INSPECTOR.EXE.INTERMEDIATE.MANIFEST
F:\HSMILE5\SDK\DEMOS\INSPECTOR.NEW\DEBUG\INSPECTOR.OBJ
F:\HSMILE5\SDK\DEMOS\INSPECTOR.NEW\DEBUG\INSPECTOR.RES
F:\hsmile5\sdk\demos\inspector.new\Debug\inspector.write.1.tlog
F:\hsmile5\sdk\demos\inspector.new\Debug\inspector_manifest.rc
F:\hsmile5\sdk\demos\inspector.new\Debug\link.command.1.tlog
F:\hsmile5\sdk\demos\inspector.new\Debug\link.read.1.tlog
F:\hsmile5\sdk\demos\inspector.new\Debug\link.write.1.tlog
F:\hsmile5\sdk\demos\inspector.new\Debug\link-cvtres.read.1.tlog
F:\hsmile5\sdk\demos\inspector.new\Debug\link-cvtres.write.1.tlog
F:\hsmile5\sdk\demos\inspector.new\Debug\mt.command.1.tlog
F:\hsmile5\sdk\demos\inspector.new\Debug\mt.read.1.tlog
F:\hsmile5\sdk\demos\inspector.new\Debug\mt.write.1.tlog
F:\hsmile5\sdk\demos\inspector.new\Debug\rc.command.1.tlog
F:\hsmile5\sdk\demos\inspector.new\Debug\rc.read.1.tlog
F:\hsmile5\sdk\demos\inspector.new\Debug\rc.write.1.tlog
F:\HSMILE5\SDK\DEMOS\INSPECTOR.NEW\DEBUG\SCITER-WIN-MAIN.OBJ
F:\hsmile5\sdk\demos\inspector.new\Debug\vc100.idb
F:\HSMILE5\SDK\DEMOS\INSPECTOR.NEW\DEBUG\VC100.PDB
