  colorizer.tis 6593 compressed to 2369 (35%)
  components.tis 2956 compressed to 1370 (46%)
  debugger-view.htm 881 compressed to 420 (47%)
  decorators.tis 6418 compressed to 1534 (23%)
  dom-element-details.tis 5124 compressed to 2060 (40%)
  dom-element-path.tis 1348 compressed to 850 (63%)
  dom-tree.tis 5867 compressed to 2739 (46%)
  dom-view.htm 63
  facade.css 17990 compressed to 6042 (33%)
  facade.htm 3276 compressed to 1607 (49%)
  images/log-arrow-right-light.png 129
  images/log-arrow-right.png 115
  images/log-arrow-up-light.png 130
  images/log-error.png 1870
  images/log-info.png 1441
  images/log-warning.png 1366
  intro.htm 1299 compressed to 875 (67%)
  log.tis 4978 compressed to 2638 (52%)
  resource-list.tis 2447 compressed to 1290 (52%)
  resources-view.htm 1735 compressed to 787 (45%)
  resources-view.tis 4946 compressed to 2227 (45%)
  script-debugger.tis 5026 compressed to 2231 (44%)
  server.htm 285 compressed to 193 (67%)
  server.tis 454 compressed to 360 (79%)
  settings.tis 1676 compressed to 941 (56%)
  source-code.css 1952 compressed to 1058 (54%)
  styles-view.htm 1360 compressed to 505 (37%)
  tabs.css 707 compressed to 366 (51%)
  tabs.tis 5560 compressed to 2418 (43%)
  view-driver.htm 813 compressed to 422 (51%)
  view-driver.tis 6211 compressed to 2925 (47%)
  -----------------------------
  compressed size 46629 bytes
  resources not changed
  inspector.vcxproj -> F:\hsmile5\sdk\demos\inspector.new\..\..\bin\inspector.exe
