..\..\bin\usciter.ilk
..\..\bin\usciter.pdb
F:\HSMILE5\SDK\BIN\USCITER.EXE
F:\HSMILE5\SDK\BIN\USCITER.PDB
F:\hsmile5\sdk\demos\usciter\..\..\bin\usciter.exe
F:\hsmile5\sdk\demos\usciter\Release\cl.command.1.tlog
F:\hsmile5\sdk\demos\usciter\Release\CL.read.1.tlog
F:\hsmile5\sdk\demos\usciter\Release\CL.write.1.tlog
F:\hsmile5\sdk\demos\usciter\Release\link.command.1.tlog
F:\hsmile5\sdk\demos\usciter\Release\link.read.1.tlog
F:\hsmile5\sdk\demos\usciter\Release\link.write.1.tlog
F:\hsmile5\sdk\demos\usciter\Release\link-cvtres.read.1.tlog
F:\hsmile5\sdk\demos\usciter\Release\link-cvtres.write.1.tlog
F:\hsmile5\sdk\demos\usciter\Release\mt.command.1.tlog
F:\hsmile5\sdk\demos\usciter\Release\mt.read.1.tlog
F:\hsmile5\sdk\demos\usciter\Release\mt.write.1.tlog
F:\hsmile5\sdk\demos\usciter\Release\rc.command.1.tlog
F:\hsmile5\sdk\demos\usciter\Release\rc.read.1.tlog
F:\hsmile5\sdk\demos\usciter\Release\rc.write.1.tlog
F:\HSMILE5\SDK\DEMOS\USCITER\RELEASE\SCITER-WIN-MAIN.OBJ
F:\HSMILE5\SDK\DEMOS\USCITER\RELEASE\USCITER.EXE.INTERMEDIATE.MANIFEST
F:\HSMILE5\SDK\DEMOS\USCITER\RELEASE\USCITER.OBJ
F:\HSMILE5\SDK\DEMOS\USCITER\RELEASE\USCITER.RES
F:\hsmile5\sdk\demos\usciter\Release\usciter.write.1.tlog
F:\HSMILE5\SDK\DEMOS\USCITER\RELEASE\VC100.PDB
