F:\HSMILE5\SDK\BIN\LAYERED.EXE
F:\hsmile5\sdk\bin\layered.ilk
F:\HSMILE5\SDK\BIN\LAYERED.PDB
F:\hsmile5\sdk\demos\layered\Release\cl.command.1.tlog
F:\hsmile5\sdk\demos\layered\Release\CL.read.1.tlog
F:\hsmile5\sdk\demos\layered\Release\CL.write.1.tlog
F:\HSMILE5\SDK\DEMOS\LAYERED\RELEASE\LAYERED.EXE.INTERMEDIATE.MANIFEST
F:\HSMILE5\SDK\DEMOS\LAYERED\RELEASE\LAYERED.OBJ
F:\HSMILE5\SDK\DEMOS\LAYERED\RELEASE\LAYERED.PCH
F:\HSMILE5\SDK\DEMOS\LAYERED\RELEASE\LAYERED.RES
F:\hsmile5\sdk\demos\layered\Release\layered.write.1.tlog
F:\hsmile5\sdk\demos\layered\Release\link.command.1.tlog
F:\hsmile5\sdk\demos\layered\Release\link.read.1.tlog
F:\hsmile5\sdk\demos\layered\Release\link.write.1.tlog
F:\hsmile5\sdk\demos\layered\Release\link-cvtres.read.1.tlog
F:\hsmile5\sdk\demos\layered\Release\link-cvtres.write.1.tlog
F:\hsmile5\sdk\demos\layered\Release\mt.command.1.tlog
F:\hsmile5\sdk\demos\layered\Release\mt.read.1.tlog
F:\hsmile5\sdk\demos\layered\Release\mt.write.1.tlog
F:\hsmile5\sdk\demos\layered\Release\rc.command.1.tlog
F:\hsmile5\sdk\demos\layered\Release\rc.read.1.tlog
F:\hsmile5\sdk\demos\layered\Release\rc.write.1.tlog
F:\HSMILE5\SDK\DEMOS\LAYERED\RELEASE\STDAFX.OBJ
F:\HSMILE5\SDK\DEMOS\LAYERED\RELEASE\VC100.PDB
