..\..\bin\plain-win.ilk
..\..\bin\plain-win.pdb
F:\HSMILE5\SDK\BIN\PLAIN-WIN.EXE
F:\HSMILE5\SDK\BIN\PLAIN-WIN.ILK
F:\HSMILE5\SDK\BIN\PLAIN-WIN.PDB
F:\hsmile5\sdk\demos\plain-win\..\..\bin\plain-win.exe
F:\hsmile5\sdk\demos\plain-win\Debug\cl.command.1.tlog
F:\hsmile5\sdk\demos\plain-win\Debug\CL.read.1.tlog
F:\hsmile5\sdk\demos\plain-win\Debug\CL.write.1.tlog
F:\hsmile5\sdk\demos\plain-win\Debug\link.command.1.tlog
F:\hsmile5\sdk\demos\plain-win\Debug\link.read.1.tlog
F:\hsmile5\sdk\demos\plain-win\Debug\link.write.1.tlog
F:\hsmile5\sdk\demos\plain-win\Debug\link-cvtres.read.1.tlog
F:\hsmile5\sdk\demos\plain-win\Debug\link-cvtres.write.1.tlog
F:\hsmile5\sdk\demos\plain-win\Debug\mt.command.1.tlog
F:\hsmile5\sdk\demos\plain-win\Debug\mt.read.1.tlog
F:\hsmile5\sdk\demos\plain-win\Debug\mt.write.1.tlog
F:\HSMILE5\SDK\DEMOS\PLAIN-WIN\DEBUG\PLAIN-WIN.EXE.EMBED.MANIFEST
F:\HSMILE5\SDK\DEMOS\PLAIN-WIN\DEBUG\PLAIN-WIN.EXE.EMBED.MANIFEST.RES
F:\HSMILE5\SDK\DEMOS\PLAIN-WIN\DEBUG\PLAIN-WIN.EXE.INTERMEDIATE.MANIFEST
F:\HSMILE5\SDK\DEMOS\PLAIN-WIN\DEBUG\PLAIN-WIN.OBJ
F:\HSMILE5\SDK\DEMOS\PLAIN-WIN\DEBUG\PLAIN-WIN.PCH
F:\HSMILE5\SDK\DEMOS\PLAIN-WIN\DEBUG\PLAIN-WIN.RES
F:\hsmile5\sdk\demos\plain-win\Debug\plain-win.vcxprojResolveAssemblyReference.cache
F:\hsmile5\sdk\demos\plain-win\Debug\plain-win.write.1.tlog
F:\hsmile5\sdk\demos\plain-win\Debug\plain-win_manifest.rc
F:\hsmile5\sdk\demos\plain-win\Debug\rc.command.1.tlog
F:\hsmile5\sdk\demos\plain-win\Debug\rc.read.1.tlog
F:\hsmile5\sdk\demos\plain-win\Debug\rc.write.1.tlog
F:\HSMILE5\SDK\DEMOS\PLAIN-WIN\DEBUG\STDAFX.OBJ
F:\hsmile5\sdk\demos\plain-win\Debug\vc100.idb
F:\HSMILE5\SDK\DEMOS\PLAIN-WIN\DEBUG\VC100.PDB
