..\..\bin\ui-framework.ilk
..\..\bin\ui-framework.pdb
F:\HSMILE5\SDK\BIN\UI-FRAMEWORK.EXE
F:\HSMILE5\SDK\BIN\UI-FRAMEWORK.ILK
F:\HSMILE5\SDK\BIN\UI-FRAMEWORK.PDB
F:\hsmile5\sdk\demos\ui-framework\..\..\bin\ui-framework.exe
F:\hsmile5\sdk\demos\ui-framework\Debug\cl.command.1.tlog
F:\hsmile5\sdk\demos\ui-framework\Debug\CL.read.1.tlog
F:\hsmile5\sdk\demos\ui-framework\Debug\CL.write.1.tlog
F:\hsmile5\sdk\demos\ui-framework\Debug\link.command.1.tlog
F:\hsmile5\sdk\demos\ui-framework\Debug\link.read.1.tlog
F:\hsmile5\sdk\demos\ui-framework\Debug\link.write.1.tlog
F:\hsmile5\sdk\demos\ui-framework\Debug\link-cvtres.read.1.tlog
F:\hsmile5\sdk\demos\ui-framework\Debug\link-cvtres.write.1.tlog
F:\hsmile5\sdk\demos\ui-framework\Debug\mt.command.1.tlog
F:\hsmile5\sdk\demos\ui-framework\Debug\mt.read.1.tlog
F:\hsmile5\sdk\demos\ui-framework\Debug\mt.write.1.tlog
F:\hsmile5\sdk\demos\ui-framework\Debug\rc.command.1.tlog
F:\hsmile5\sdk\demos\ui-framework\Debug\rc.read.1.tlog
F:\hsmile5\sdk\demos\ui-framework\Debug\rc.write.1.tlog
F:\HSMILE5\SDK\DEMOS\UI-FRAMEWORK\DEBUG\STDAFX.OBJ
F:\HSMILE5\SDK\DEMOS\UI-FRAMEWORK\DEBUG\UI-FRAMEWORK.EXE.EMBED.MANIFEST
F:\HSMILE5\SDK\DEMOS\UI-FRAMEWORK\DEBUG\UI-FRAMEWORK.EXE.EMBED.MANIFEST.RES
F:\HSMILE5\SDK\DEMOS\UI-FRAMEWORK\DEBUG\UI-FRAMEWORK.EXE.INTERMEDIATE.MANIFEST
F:\HSMILE5\SDK\DEMOS\UI-FRAMEWORK\DEBUG\UI-FRAMEWORK.OBJ
F:\HSMILE5\SDK\DEMOS\UI-FRAMEWORK\DEBUG\UI-FRAMEWORK.PCH
F:\HSMILE5\SDK\DEMOS\UI-FRAMEWORK\DEBUG\UI-FRAMEWORK.RES
F:\hsmile5\sdk\demos\ui-framework\Debug\ui-framework.write.1.tlog
F:\hsmile5\sdk\demos\ui-framework\Debug\ui-framework_manifest.rc
F:\hsmile5\sdk\demos\ui-framework\Debug\vc100.idb
F:\HSMILE5\SDK\DEMOS\UI-FRAMEWORK\DEBUG\VC100.PDB
F:\HSMILE5\SDK\DEMOS\UI-FRAMEWORK\DEBUG\WORKER-THREAD.OBJ
