..\..\bin\ui-framework.ilk
..\..\bin\ui-framework.pdb
F:\HSMILE5\SDK\BIN\UI-FRAMEWORK.EXE
F:\HSMILE5\SDK\BIN\UI-FRAMEWORK.PDB
F:\hsmile5\sdk\demos\ui-framework\..\..\bin\ui-framework.exe
F:\hsmile5\sdk\demos\ui-framework\Release\cl.command.1.tlog
F:\hsmile5\sdk\demos\ui-framework\Release\CL.read.1.tlog
F:\hsmile5\sdk\demos\ui-framework\Release\CL.write.1.tlog
F:\hsmile5\sdk\demos\ui-framework\Release\link.command.1.tlog
F:\hsmile5\sdk\demos\ui-framework\Release\link.read.1.tlog
F:\hsmile5\sdk\demos\ui-framework\Release\link.write.1.tlog
F:\hsmile5\sdk\demos\ui-framework\Release\link-cvtres.read.1.tlog
F:\hsmile5\sdk\demos\ui-framework\Release\link-cvtres.write.1.tlog
F:\hsmile5\sdk\demos\ui-framework\Release\mt.command.1.tlog
F:\hsmile5\sdk\demos\ui-framework\Release\mt.read.1.tlog
F:\hsmile5\sdk\demos\ui-framework\Release\mt.write.1.tlog
F:\hsmile5\sdk\demos\ui-framework\Release\rc.command.1.tlog
F:\hsmile5\sdk\demos\ui-framework\Release\rc.read.1.tlog
F:\hsmile5\sdk\demos\ui-framework\Release\rc.write.1.tlog
F:\HSMILE5\SDK\DEMOS\UI-FRAMEWORK\RELEASE\STDAFX.OBJ
F:\HSMILE5\SDK\DEMOS\UI-FRAMEWORK\RELEASE\UI-FRAMEWORK.EXE.INTERMEDIATE.MANIFEST
F:\HSMILE5\SDK\DEMOS\UI-FRAMEWORK\RELEASE\UI-FRAMEWORK.OBJ
F:\HSMILE5\SDK\DEMOS\UI-FRAMEWORK\RELEASE\UI-FRAMEWORK.PCH
F:\HSMILE5\SDK\DEMOS\UI-FRAMEWORK\RELEASE\UI-FRAMEWORK.RES
F:\hsmile5\sdk\demos\ui-framework\Release\ui-framework.write.1.tlog
F:\HSMILE5\SDK\DEMOS\UI-FRAMEWORK\RELEASE\VC100.PDB
F:\HSMILE5\SDK\DEMOS\UI-FRAMEWORK\RELEASE\WORKER-THREAD.OBJ
