..\..\bin\minimal.ilk
..\..\bin\minimal.pdb
F:\HSMILE5\SDK\BIN\MINIMAL.EXE
F:\HSMILE5\SDK\BIN\MINIMAL.ILK
F:\HSMILE5\SDK\BIN\MINIMAL.PDB
F:\hsmile5\sdk\demos\minimal\..\..\bin\minimal.exe
F:\hsmile5\sdk\demos\minimal\Debug\cl.command.1.tlog
F:\hsmile5\sdk\demos\minimal\Debug\CL.read.1.tlog
F:\hsmile5\sdk\demos\minimal\Debug\CL.write.1.tlog
F:\hsmile5\sdk\demos\minimal\Debug\link.43488.read.1.tlog
F:\hsmile5\sdk\demos\minimal\Debug\link.43488.write.1.tlog
F:\hsmile5\sdk\demos\minimal\Debug\link.43488-cvtres.read.1.tlog
F:\hsmile5\sdk\demos\minimal\Debug\link.43488-cvtres.write.1.tlog
F:\hsmile5\sdk\demos\minimal\Debug\link.command.1.tlog
F:\hsmile5\sdk\demos\minimal\Debug\link.read.1.tlog
F:\hsmile5\sdk\demos\minimal\Debug\link.write.1.tlog
F:\hsmile5\sdk\demos\minimal\Debug\link-cvtres.read.1.tlog
F:\hsmile5\sdk\demos\minimal\Debug\link-cvtres.write.1.tlog
F:\HSMILE5\SDK\DEMOS\MINIMAL\DEBUG\MINIMAL.EXE.EMBED.MANIFEST
F:\HSMILE5\SDK\DEMOS\MINIMAL\DEBUG\MINIMAL.EXE.EMBED.MANIFEST.RES
F:\HSMILE5\SDK\DEMOS\MINIMAL\DEBUG\MINIMAL.EXE.INTERMEDIATE.MANIFEST
F:\HSMILE5\SDK\DEMOS\MINIMAL\DEBUG\MINIMAL.OBJ
F:\hsmile5\sdk\demos\minimal\Debug\minimal.vcxprojResolveAssemblyReference.cache
F:\hsmile5\sdk\demos\minimal\Debug\minimal.write.1.tlog
F:\hsmile5\sdk\demos\minimal\Debug\minimal_manifest.rc
F:\hsmile5\sdk\demos\minimal\Debug\mt.command.1.tlog
F:\hsmile5\sdk\demos\minimal\Debug\mt.read.1.tlog
F:\hsmile5\sdk\demos\minimal\Debug\mt.write.1.tlog
F:\hsmile5\sdk\demos\minimal\Debug\rc.command.1.tlog
F:\hsmile5\sdk\demos\minimal\Debug\rc.read.1.tlog
F:\hsmile5\sdk\demos\minimal\Debug\rc.write.1.tlog
F:\hsmile5\sdk\demos\minimal\Debug\vc100.idb
F:\HSMILE5\SDK\DEMOS\MINIMAL\DEBUG\VC100.PDB
