..\..\..\bin\ulayered.ilk
..\..\..\bin\ulayered.pdb
F:\HSMILE5\SDK\BIN\ULAYERED.EXE
F:\HSMILE5\SDK\BIN\ULAYERED.ILK
F:\HSMILE5\SDK\BIN\ULAYERED.PDB
F:\hsmile5\sdk\demos\ulayered\builds\..\..\..\bin\ulayered.exe
F:\hsmile5\sdk\demos\ulayered\builds\Debug\cl.command.1.tlog
F:\hsmile5\sdk\demos\ulayered\builds\Debug\CL.read.1.tlog
F:\hsmile5\sdk\demos\ulayered\builds\Debug\CL.write.1.tlog
F:\hsmile5\sdk\demos\ulayered\builds\Debug\link.8640.read.1.tlog
F:\hsmile5\sdk\demos\ulayered\builds\Debug\link.8640.write.1.tlog
F:\hsmile5\sdk\demos\ulayered\builds\Debug\link.8640-cvtres.read.1.tlog
F:\hsmile5\sdk\demos\ulayered\builds\Debug\link.8640-cvtres.write.1.tlog
F:\hsmile5\sdk\demos\ulayered\builds\Debug\link.command.1.tlog
F:\hsmile5\sdk\demos\ulayered\builds\Debug\link.read.1.tlog
F:\hsmile5\sdk\demos\ulayered\builds\Debug\link.write.1.tlog
F:\hsmile5\sdk\demos\ulayered\builds\Debug\link-cvtres.read.1.tlog
F:\hsmile5\sdk\demos\ulayered\builds\Debug\link-cvtres.write.1.tlog
F:\hsmile5\sdk\demos\ulayered\builds\Debug\mt.command.1.tlog
F:\hsmile5\sdk\demos\ulayered\builds\Debug\mt.read.1.tlog
F:\hsmile5\sdk\demos\ulayered\builds\Debug\mt.write.1.tlog
F:\hsmile5\sdk\demos\ulayered\builds\Debug\rc.command.1.tlog
F:\hsmile5\sdk\demos\ulayered\builds\Debug\rc.read.1.tlog
F:\hsmile5\sdk\demos\ulayered\builds\Debug\rc.write.1.tlog
F:\HSMILE5\SDK\DEMOS\ULAYERED\BUILDS\DEBUG\SCITER-WIN-MAIN.OBJ
F:\HSMILE5\SDK\DEMOS\ULAYERED\BUILDS\DEBUG\ULAYERED.EXE.EMBED.MANIFEST
F:\HSMILE5\SDK\DEMOS\ULAYERED\BUILDS\DEBUG\ULAYERED.EXE.EMBED.MANIFEST.RES
F:\HSMILE5\SDK\DEMOS\ULAYERED\BUILDS\DEBUG\ULAYERED.EXE.INTERMEDIATE.MANIFEST
F:\HSMILE5\SDK\DEMOS\ULAYERED\BUILDS\DEBUG\ULAYERED.OBJ
F:\hsmile5\sdk\demos\ulayered\builds\Debug\ulayered.write.1.tlog
F:\hsmile5\sdk\demos\ulayered\builds\Debug\ulayered_manifest.rc
F:\hsmile5\sdk\demos\ulayered\builds\Debug\vc100.idb
F:\HSMILE5\SDK\DEMOS\ULAYERED\BUILDS\DEBUG\VC100.PDB
