..\..\bin\usciter.ilk
..\..\bin\usciter.pdb
F:\HSMILE5\SDK\BIN\USCITER.EXE
F:\HSMILE5\SDK\BIN\USCITER.ILK
F:\HSMILE5\SDK\BIN\USCITER.PDB
F:\hsmile5\sdk\demos\usciter\..\..\bin\usciter.exe
F:\hsmile5\sdk\demos\usciter\Debug\cl.command.1.tlog
F:\hsmile5\sdk\demos\usciter\Debug\CL.read.1.tlog
F:\hsmile5\sdk\demos\usciter\Debug\CL.write.1.tlog
F:\hsmile5\sdk\demos\usciter\Debug\link.command.1.tlog
F:\hsmile5\sdk\demos\usciter\Debug\link.read.1.tlog
F:\hsmile5\sdk\demos\usciter\Debug\link.write.1.tlog
F:\hsmile5\sdk\demos\usciter\Debug\link-cvtres.read.1.tlog
F:\hsmile5\sdk\demos\usciter\Debug\link-cvtres.write.1.tlog
F:\hsmile5\sdk\demos\usciter\Debug\mt.command.1.tlog
F:\hsmile5\sdk\demos\usciter\Debug\mt.read.1.tlog
F:\hsmile5\sdk\demos\usciter\Debug\mt.write.1.tlog
F:\hsmile5\sdk\demos\usciter\Debug\rc.command.1.tlog
F:\hsmile5\sdk\demos\usciter\Debug\rc.read.1.tlog
F:\hsmile5\sdk\demos\usciter\Debug\rc.write.1.tlog
F:\HSMILE5\SDK\DEMOS\USCITER\DEBUG\SCITER-WIN-MAIN.OBJ
F:\HSMILE5\SDK\DEMOS\USCITER\DEBUG\USCITER.EXE.EMBED.MANIFEST
F:\HSMILE5\SDK\DEMOS\USCITER\DEBUG\USCITER.EXE.EMBED.MANIFEST.RES
F:\HSMILE5\SDK\DEMOS\USCITER\DEBUG\USCITER.EXE.INTERMEDIATE.MANIFEST
F:\HSMILE5\SDK\DEMOS\USCITER\DEBUG\USCITER.OBJ
F:\HSMILE5\SDK\DEMOS\USCITER\DEBUG\USCITER.RES
F:\hsmile5\sdk\demos\usciter\Debug\usciter.write.1.tlog
F:\hsmile5\sdk\demos\usciter\Debug\usciter_manifest.rc
F:\hsmile5\sdk\demos\usciter\Debug\vc100.idb
F:\HSMILE5\SDK\DEMOS\USCITER\DEBUG\VC100.PDB
