..\..\bin\uminimal.ilk
..\..\bin\uminimal.pdb
F:\HSMILE5\SDK\BIN\UMINIMAL.EXE
F:\HSMILE5\SDK\BIN\UMINIMAL.ILK
F:\HSMILE5\SDK\BIN\UMINIMAL.PDB
F:\hsmile5\sdk\demos\uminimal\..\..\bin\uminimal.exe
F:\hsmile5\sdk\demos\uminimal\Debug\cl.command.1.tlog
F:\hsmile5\sdk\demos\uminimal\Debug\CL.read.1.tlog
F:\hsmile5\sdk\demos\uminimal\Debug\CL.write.1.tlog
F:\hsmile5\sdk\demos\uminimal\Debug\link.4280.read.1.tlog
F:\hsmile5\sdk\demos\uminimal\Debug\link.4280.write.1.tlog
F:\hsmile5\sdk\demos\uminimal\Debug\link.4280-cvtres.read.1.tlog
F:\hsmile5\sdk\demos\uminimal\Debug\link.4280-cvtres.write.1.tlog
F:\hsmile5\sdk\demos\uminimal\Debug\link.command.1.tlog
F:\hsmile5\sdk\demos\uminimal\Debug\link.read.1.tlog
F:\hsmile5\sdk\demos\uminimal\Debug\link.write.1.tlog
F:\hsmile5\sdk\demos\uminimal\Debug\link-cvtres.read.1.tlog
F:\hsmile5\sdk\demos\uminimal\Debug\link-cvtres.write.1.tlog
F:\hsmile5\sdk\demos\uminimal\Debug\mt.command.1.tlog
F:\hsmile5\sdk\demos\uminimal\Debug\mt.read.1.tlog
F:\hsmile5\sdk\demos\uminimal\Debug\mt.write.1.tlog
F:\hsmile5\sdk\demos\uminimal\Debug\rc.command.1.tlog
F:\hsmile5\sdk\demos\uminimal\Debug\rc.read.1.tlog
F:\hsmile5\sdk\demos\uminimal\Debug\rc.write.1.tlog
F:\HSMILE5\SDK\DEMOS\UMINIMAL\DEBUG\SCITER-WIN-MAIN.OBJ
F:\HSMILE5\SDK\DEMOS\UMINIMAL\DEBUG\UMINIMAL.EXE.EMBED.MANIFEST
F:\HSMILE5\SDK\DEMOS\UMINIMAL\DEBUG\UMINIMAL.EXE.EMBED.MANIFEST.RES
F:\HSMILE5\SDK\DEMOS\UMINIMAL\DEBUG\UMINIMAL.EXE.INTERMEDIATE.MANIFEST
F:\HSMILE5\SDK\DEMOS\UMINIMAL\DEBUG\UMINIMAL.OBJ
F:\hsmile5\sdk\demos\uminimal\Debug\uminimal.write.1.tlog
F:\hsmile5\sdk\demos\uminimal\Debug\uminimal_manifest.rc
F:\hsmile5\sdk\demos\uminimal\Debug\vc100.idb
F:\HSMILE5\SDK\DEMOS\UMINIMAL\DEBUG\VC100.PDB
