F:\HSMILE5\SDK\BIN\LAYERED.EXE
F:\HSMILE5\SDK\BIN\LAYERED.ILK
F:\HSMILE5\SDK\BIN\LAYERED.PDB
F:\hsmile5\sdk\demos\layered\Debug\cl.command.1.tlog
F:\hsmile5\sdk\demos\layered\Debug\CL.read.1.tlog
F:\hsmile5\sdk\demos\layered\Debug\CL.write.1.tlog
F:\HSMILE5\SDK\DEMOS\LAYERED\DEBUG\LAYERED.EXE.EMBED.MANIFEST
F:\HSMILE5\SDK\DEMOS\LAYERED\DEBUG\LAYERED.EXE.EMBED.MANIFEST.RES
F:\HSMILE5\SDK\DEMOS\LAYERED\DEBUG\LAYERED.EXE.INTERMEDIATE.MANIFEST
F:\HSMILE5\SDK\DEMOS\LAYERED\DEBUG\LAYERED.OBJ
F:\HSMILE5\SDK\DEMOS\LAYERED\DEBUG\LAYERED.PCH
F:\HSMILE5\SDK\DEMOS\LAYERED\DEBUG\LAYERED.RES
F:\hsmile5\sdk\demos\layered\Debug\layered.write.1.tlog
F:\hsmile5\sdk\demos\layered\Debug\layered_manifest.rc
F:\hsmile5\sdk\demos\layered\Debug\link.command.1.tlog
F:\hsmile5\sdk\demos\layered\Debug\link.read.1.tlog
F:\hsmile5\sdk\demos\layered\Debug\link.write.1.tlog
F:\hsmile5\sdk\demos\layered\Debug\link-cvtres.read.1.tlog
F:\hsmile5\sdk\demos\layered\Debug\link-cvtres.write.1.tlog
F:\hsmile5\sdk\demos\layered\Debug\mt.command.1.tlog
F:\hsmile5\sdk\demos\layered\Debug\mt.read.1.tlog
F:\hsmile5\sdk\demos\layered\Debug\mt.write.1.tlog
F:\hsmile5\sdk\demos\layered\Debug\rc.command.1.tlog
F:\hsmile5\sdk\demos\layered\Debug\rc.read.1.tlog
F:\hsmile5\sdk\demos\layered\Debug\rc.write.1.tlog
F:\HSMILE5\SDK\DEMOS\LAYERED\DEBUG\STDAFX.OBJ
F:\hsmile5\sdk\demos\layered\Debug\vc100.idb
F:\HSMILE5\SDK\DEMOS\LAYERED\DEBUG\VC100.PDB
