..\..\bin\sciter.ilk
..\..\bin\sciter.pdb
F:\HSMILE5\SDK\BIN\SCITER.EXE
F:\HSMILE5\SDK\BIN\SCITER.PDB
F:\hsmile5\sdk\demos\sciter\..\..\bin\sciter.exe
F:\HSMILE5\SDK\DEMOS\SCITER\WIN32\RELEASE\BEHAVIOR_CAMERA_CAPTURE.OBJ
F:\HSMILE5\SDK\DEMOS\SCITER\WIN32\RELEASE\BEHAVIOR_DRAWING.OBJ
F:\HSMILE5\SDK\DEMOS\SCITER\WIN32\RELEASE\BEHAVIOR_TABS.OBJ
F:\HSMILE5\SDK\DEMOS\SCITER\WIN32\RELEASE\BEHAVIOR_VIDEO_GENERATOR.OBJ
F:\hsmile5\sdk\demos\sciter\Win32\Release\cl.command.1.tlog
F:\hsmile5\sdk\demos\sciter\Win32\Release\CL.read.1.tlog
F:\hsmile5\sdk\demos\sciter\Win32\Release\CL.write.1.tlog
F:\hsmile5\sdk\demos\sciter\Win32\Release\link.command.1.tlog
F:\hsmile5\sdk\demos\sciter\Win32\Release\link.read.1.tlog
F:\hsmile5\sdk\demos\sciter\Win32\Release\link.write.1.tlog
F:\hsmile5\sdk\demos\sciter\Win32\Release\link-cvtres.read.1.tlog
F:\hsmile5\sdk\demos\sciter\Win32\Release\link-cvtres.write.1.tlog
F:\HSMILE5\SDK\DEMOS\SCITER\WIN32\RELEASE\MAIN.OBJ
F:\hsmile5\sdk\demos\sciter\Win32\Release\mt.command.1.tlog
F:\hsmile5\sdk\demos\sciter\Win32\Release\mt.read.1.tlog
F:\hsmile5\sdk\demos\sciter\Win32\Release\mt.write.1.tlog
F:\hsmile5\sdk\demos\sciter\Win32\Release\rc.command.1.tlog
F:\hsmile5\sdk\demos\sciter\Win32\Release\rc.read.1.tlog
F:\hsmile5\sdk\demos\sciter\Win32\Release\rc.write.1.tlog
F:\HSMILE5\SDK\DEMOS\SCITER\WIN32\RELEASE\SCITER.EXE.INTERMEDIATE.MANIFEST
F:\HSMILE5\SDK\DEMOS\SCITER\WIN32\RELEASE\SCITER.OBJ
F:\HSMILE5\SDK\DEMOS\SCITER\WIN32\RELEASE\SCITER.PCH
F:\HSMILE5\SDK\DEMOS\SCITER\WIN32\RELEASE\SCITER.RES
F:\hsmile5\sdk\demos\sciter\Win32\Release\sciter.write.1.tlog
F:\HSMILE5\SDK\DEMOS\SCITER\WIN32\RELEASE\STDAFX.OBJ
F:\HSMILE5\SDK\DEMOS\SCITER\WIN32\RELEASE\VC100.PDB
