..\..\bin\inspector.ilk
..\..\bin\inspector.pdb
F:\HSMILE5\SDK\BIN\INSPECTOR.EXE
F:\HSMILE5\SDK\BIN\INSPECTOR.PDB
F:\hsmile5\sdk\demos\inspector.new\..\..\bin\inspector.exe
F:\hsmile5\sdk\demos\inspector.new\Release\cl.command.1.tlog
F:\hsmile5\sdk\demos\inspector.new\Release\CL.read.1.tlog
F:\hsmile5\sdk\demos\inspector.new\Release\CL.write.1.tlog
F:\HSMILE5\SDK\DEMOS\INSPECTOR.NEW\RELEASE\INSPECTOR.EXE.INTERMEDIATE.MANIFEST
F:\HSMILE5\SDK\DEMOS\INSPECTOR.NEW\RELEASE\INSPECTOR.OBJ
F:\HSMILE5\SDK\DEMOS\INSPECTOR.NEW\RELEASE\INSPECTOR.RES
F:\hsmile5\sdk\demos\inspector.new\Release\inspector.write.1.tlog
F:\hsmile5\sdk\demos\inspector.new\Release\link.command.1.tlog
F:\hsmile5\sdk\demos\inspector.new\Release\link.read.1.tlog
F:\hsmile5\sdk\demos\inspector.new\Release\link.write.1.tlog
F:\hsmile5\sdk\demos\inspector.new\Release\link-cvtres.read.1.tlog
F:\hsmile5\sdk\demos\inspector.new\Release\link-cvtres.write.1.tlog
F:\hsmile5\sdk\demos\inspector.new\Release\mt.command.1.tlog
F:\hsmile5\sdk\demos\inspector.new\Release\mt.read.1.tlog
F:\hsmile5\sdk\demos\inspector.new\Release\mt.write.1.tlog
F:\hsmile5\sdk\demos\inspector.new\Release\rc.command.1.tlog
F:\hsmile5\sdk\demos\inspector.new\Release\rc.read.1.tlog
F:\hsmile5\sdk\demos\inspector.new\Release\rc.write.1.tlog
F:\HSMILE5\SDK\DEMOS\INSPECTOR.NEW\RELEASE\SCITER-WIN-MAIN.OBJ
F:\HSMILE5\SDK\DEMOS\INSPECTOR.NEW\RELEASE\VC100.PDB
