..\..\bin\sciter64.pdb
F:\HSMILE5\SDK\BIN\SCITER64.EXE
F:\HSMILE5\SDK\BIN\SCITER64.PDB
F:\hsmile5\sdk\demos\sciter\..\..\bin\sciter64.exe
F:\HSMILE5\SDK\DEMOS\SCITER\X64\RELEASE\BEHAVIOR_CAMERA_CAPTURE.OBJ
F:\HSMILE5\SDK\DEMOS\SCITER\X64\RELEASE\BEHAVIOR_TABS.OBJ
F:\HSMILE5\SDK\DEMOS\SCITER\X64\RELEASE\BEHAVIOR_VIDEO_GENERATOR.OBJ
F:\hsmile5\sdk\demos\sciter\x64\Release\cl.command.1.tlog
F:\hsmile5\sdk\demos\sciter\x64\Release\CL.read.1.tlog
F:\hsmile5\sdk\demos\sciter\x64\Release\CL.write.1.tlog
F:\hsmile5\sdk\demos\sciter\x64\Release\link.command.1.tlog
F:\hsmile5\sdk\demos\sciter\x64\Release\link.read.1.tlog
F:\hsmile5\sdk\demos\sciter\x64\Release\link.write.1.tlog
F:\hsmile5\sdk\demos\sciter\x64\Release\link-cvtres.read.1.tlog
F:\hsmile5\sdk\demos\sciter\x64\Release\link-cvtres.write.1.tlog
F:\HSMILE5\SDK\DEMOS\SCITER\X64\RELEASE\MAIN.OBJ
F:\hsmile5\sdk\demos\sciter\x64\Release\mt.command.1.tlog
F:\hsmile5\sdk\demos\sciter\x64\Release\mt.read.1.tlog
F:\hsmile5\sdk\demos\sciter\x64\Release\mt.write.1.tlog
F:\hsmile5\sdk\demos\sciter\x64\Release\rc.command.1.tlog
F:\hsmile5\sdk\demos\sciter\x64\Release\rc.read.1.tlog
F:\hsmile5\sdk\demos\sciter\x64\Release\rc.write.1.tlog
F:\HSMILE5\SDK\DEMOS\SCITER\X64\RELEASE\SCITER.OBJ
F:\HSMILE5\SDK\DEMOS\SCITER\X64\RELEASE\SCITER.RES
F:\hsmile5\sdk\demos\sciter\x64\Release\sciter.write.1.tlog
F:\HSMILE5\SDK\DEMOS\SCITER\X64\RELEASE\SCITER64.EXE.INTERMEDIATE.MANIFEST
F:\HSMILE5\SDK\DEMOS\SCITER\X64\RELEASE\SCITER64.PCH
F:\HSMILE5\SDK\DEMOS\SCITER\X64\RELEASE\STDAFX.OBJ
F:\HSMILE5\SDK\DEMOS\SCITER\X64\RELEASE\VC100.PDB
