..\..\bin\plain-win.ilk
..\..\bin\plain-win.pdb
F:\HSMILE5\SDK\BIN\PLAIN-WIN.EXE
F:\HSMILE5\SDK\BIN\PLAIN-WIN.PDB
F:\hsmile5\sdk\demos\plain-win\..\..\bin\plain-win.exe
F:\hsmile5\sdk\demos\plain-win\Release\cl.command.1.tlog
F:\hsmile5\sdk\demos\plain-win\Release\CL.read.1.tlog
F:\hsmile5\sdk\demos\plain-win\Release\CL.write.1.tlog
F:\hsmile5\sdk\demos\plain-win\Release\link.command.1.tlog
F:\hsmile5\sdk\demos\plain-win\Release\link.read.1.tlog
F:\hsmile5\sdk\demos\plain-win\Release\link.write.1.tlog
F:\hsmile5\sdk\demos\plain-win\Release\link-cvtres.read.1.tlog
F:\hsmile5\sdk\demos\plain-win\Release\link-cvtres.write.1.tlog
F:\hsmile5\sdk\demos\plain-win\Release\mt.command.1.tlog
F:\hsmile5\sdk\demos\plain-win\Release\mt.read.1.tlog
F:\hsmile5\sdk\demos\plain-win\Release\mt.write.1.tlog
F:\HSMILE5\SDK\DEMOS\PLAIN-WIN\RELEASE\PLAIN-WIN.EXE.INTERMEDIATE.MANIFEST
F:\HSMILE5\SDK\DEMOS\PLAIN-WIN\RELEASE\PLAIN-WIN.OBJ
F:\HSMILE5\SDK\DEMOS\PLAIN-WIN\RELEASE\PLAIN-WIN.PCH
F:\HSMILE5\SDK\DEMOS\PLAIN-WIN\RELEASE\PLAIN-WIN.RES
F:\hsmile5\sdk\demos\plain-win\Release\plain-win.write.1.tlog
F:\hsmile5\sdk\demos\plain-win\Release\rc.command.1.tlog
F:\hsmile5\sdk\demos\plain-win\Release\rc.read.1.tlog
F:\hsmile5\sdk\demos\plain-win\Release\rc.write.1.tlog
F:\HSMILE5\SDK\DEMOS\PLAIN-WIN\RELEASE\STDAFX.OBJ
F:\HSMILE5\SDK\DEMOS\PLAIN-WIN\RELEASE\VC100.PDB
